<?xml version="1.0" encoding="UTF-8"?>
<robot generator="Robot 5.0 (Python 3.9.8 on win32)" generated="20220407 17:41:09.151" rpa="false" schemaversion="3">
<suite id="s1" name="Shopping" source="C:\Users\Dell\PycharmProjects\RoboticFramework\Tests\FlipKart\FunctionalTestSuite\shopping.robot">
<test id="s1-t1" name="Google search" line="9">
<kw name="start testcase">
<kw name="Open Browser" library="SeleniumLibrary">
<arg>${url}</arg>
<arg>chrome</arg>
<doc>Opens a new browser instance to the optional ``url``.</doc>
<msg timestamp="20220407 17:41:09.406" level="INFO">Opening browser 'chrome' to base url 'https://www.google.com/'.</msg>
<status status="PASS" starttime="20220407 17:41:09.405" endtime="20220407 17:41:12.644"/>
</kw>
<kw name="Maximize Browser Window" library="SeleniumLibrary">
<doc>Maximizes current browser window.</doc>
<status status="PASS" starttime="20220407 17:41:12.644" endtime="20220407 17:41:12.772"/>
</kw>
<status status="PASS" starttime="20220407 17:41:09.405" endtime="20220407 17:41:12.773"/>
</kw>
<kw name="Input Text" library="SeleniumLibrary">
<arg>name:q</arg>
<arg>${search_flipkart}</arg>
<doc>Types the given ``text`` into the text field identified by ``locator``.</doc>
<msg timestamp="20220407 17:41:12.775" level="INFO">Typing text 'Flipkart' into text field 'name:q'.</msg>
<status status="PASS" starttime="20220407 17:41:12.773" endtime="20220407 17:41:13.082"/>
</kw>
<kw name="Submit Form" library="SeleniumLibrary">
<doc>Submits a form identified by ``locator``.</doc>
<msg timestamp="20220407 17:41:13.083" level="INFO">Submitting form 'None'.</msg>
<status status="PASS" starttime="20220407 17:41:13.083" endtime="20220407 17:41:15.240"/>
</kw>
<kw name="Click Element" library="SeleniumLibrary">
<arg>class:LC20lb</arg>
<doc>Click the element identified by ``locator``.</doc>
<msg timestamp="20220407 17:41:15.241" level="INFO">Clicking element 'class:LC20lb'.</msg>
<status status="PASS" starttime="20220407 17:41:15.241" endtime="20220407 17:41:17.061"/>
</kw>
<doc>google search test</doc>
<tag>google</tag>
<status status="PASS" starttime="20220407 17:41:09.404" endtime="20220407 17:41:17.081"/>
</test>
<test id="s1-t2" name="Flipkart Product Search" line="17">
<kw name="Sleep" library="BuiltIn">
<arg>2s</arg>
<doc>Pauses the test executed for the given time.</doc>
<msg timestamp="20220407 17:41:19.159" level="INFO">Slept 2 seconds</msg>
<status status="PASS" starttime="20220407 17:41:17.144" endtime="20220407 17:41:19.159"/>
</kw>
<kw name="Click Button" library="SeleniumLibrary">
<arg>class:_2KpZ6l</arg>
<doc>Clicks the button identified by ``locator``.</doc>
<msg timestamp="20220407 17:41:19.160" level="INFO">Clicking button 'class:_2KpZ6l'.</msg>
<status status="PASS" starttime="20220407 17:41:19.160" endtime="20220407 17:41:19.274"/>
</kw>
<kw name="flipkart search">
<kw name="Input Text" library="SeleniumLibrary">
<arg>name:q</arg>
<arg>iphone13</arg>
<doc>Types the given ``text`` into the text field identified by ``locator``.</doc>
<msg timestamp="20220407 17:41:19.278" level="INFO">Typing text 'iphone13' into text field 'name:q'.</msg>
<status status="PASS" starttime="20220407 17:41:19.277" endtime="20220407 17:41:19.442"/>
</kw>
<kw name="Click Button" library="SeleniumLibrary">
<arg>class:L0Z3Pu</arg>
<doc>Clicks the button identified by ``locator``.</doc>
<msg timestamp="20220407 17:41:19.443" level="INFO">Clicking button 'class:L0Z3Pu'.</msg>
<status status="PASS" starttime="20220407 17:41:19.442" endtime="20220407 17:41:19.831"/>
</kw>
<status status="PASS" starttime="20220407 17:41:19.275" endtime="20220407 17:41:19.832"/>
</kw>
<kw name="Sleep" library="BuiltIn">
<arg>2s</arg>
<doc>Pauses the test executed for the given time.</doc>
<msg timestamp="20220407 17:41:21.893" level="INFO">Slept 2 seconds</msg>
<status status="PASS" starttime="20220407 17:41:19.880" endtime="20220407 17:41:21.893"/>
</kw>
<doc>searching products on flipkart website</doc>
<tag>flipkart</tag>
<status status="PASS" starttime="20220407 17:41:17.122" endtime="20220407 17:41:21.894"/>
</test>
<test id="s1-t3" name="Flipkart product seletion" line="25">
<kw name="Click Element" library="SeleniumLibrary">
<arg>xpath=//html/body/div/div/div[3]/div[1]/div[2]/div[2]/div/div/div/a/div[2]/div[1]/div[1]</arg>
<doc>Click the element identified by ``locator``.</doc>
<msg timestamp="20220407 17:41:21.895" level="INFO">Clicking element 'xpath=//html/body/div/div/div[3]/div[1]/div[2]/div[2]/div/div/div/a/div[2]/div[1]/div[1]'.</msg>
<status status="PASS" starttime="20220407 17:41:21.895" endtime="20220407 17:41:21.995"/>
</kw>
<doc>selecting a product</doc>
<tag>flipkart</tag>
<status status="PASS" starttime="20220407 17:41:21.895" endtime="20220407 17:41:22.003"/>
</test>
<test id="s1-t4" name="Flipkart product buy" line="30">
<kw name="Switch Window" library="SeleniumLibrary">
<arg>title:APPLE iPhone 13 ( 128 GB GB Storage, 0 GB RAM ) Online at Best Price On Flipkart.com</arg>
<doc>Switches to browser window matching ``locator``.</doc>
<status status="PASS" starttime="20220407 17:41:22.011" endtime="20220407 17:41:24.209"/>
</kw>
<kw name="Click Element" library="SeleniumLibrary">
<arg>xpath=//html/body/div[1]/div/div[3]/div[1]/div[1]/div[2]/div/ul/li[2]/form/button</arg>
<doc>Click the element identified by ``locator``.</doc>
<msg timestamp="20220407 17:41:24.209" level="INFO">Clicking element 'xpath=//html/body/div[1]/div/div[3]/div[1]/div[1]/div[2]/div/ul/li[2]/form/button'.</msg>
<status status="PASS" starttime="20220407 17:41:24.209" endtime="20220407 17:41:24.346"/>
</kw>
<doc>product purchase</doc>
<tag>flipkart</tag>
<status status="PASS" starttime="20220407 17:41:22.010" endtime="20220407 17:41:24.347"/>
</test>
<test id="s1-t5" name="Flipkart User Login" line="37">
<kw name="Sleep" library="BuiltIn">
<arg>5s</arg>
<doc>Pauses the test executed for the given time.</doc>
<msg timestamp="20220407 17:41:29.355" level="INFO">Slept 5 seconds</msg>
<status status="PASS" starttime="20220407 17:41:24.351" endtime="20220407 17:41:29.355"/>
</kw>
<kw name="Input Text" library="SeleniumLibrary">
<arg>xpath=//html/body/div[1]/div/div[2]/div/div[1]/div[1]/div/div/div/div/div[1]/div/form/div[1]/input</arg>
<arg>test@gmail.com</arg>
<doc>Types the given ``text`` into the text field identified by ``locator``.</doc>
<msg timestamp="20220407 17:41:29.356" level="INFO">Typing text 'test@gmail.com' into text field 'xpath=//html/body/div[1]/div/div[2]/div/div[1]/div[1]/div/div/div/div/div[1]/div/form/div[1]/input'.</msg>
<status status="PASS" starttime="20220407 17:41:29.356" endtime="20220407 17:41:29.468"/>
</kw>
<kw name="Click Button" library="SeleniumLibrary">
<arg>xpath=//html/body/div[1]/div/div[2]/div/div[1]/div[1]/div/div/div/div/div[1]/div/form/div[3]/button</arg>
<doc>Clicks the button identified by ``locator``.</doc>
<msg timestamp="20220407 17:41:29.469" level="INFO">Clicking button 'xpath=//html/body/div[1]/div/div[2]/div/div[1]/div[1]/div/div/div/div/div[1]/div/form/div[3]/button'.</msg>
<status status="PASS" starttime="20220407 17:41:29.469" endtime="20220407 17:41:29.556"/>
</kw>
<kw name="stop testcase">
<kw name="Close Browser" library="SeleniumLibrary">
<doc>Closes the current browser.</doc>
<status status="PASS" starttime="20220407 17:41:29.558" endtime="20220407 17:41:32.023"/>
</kw>
<status status="PASS" starttime="20220407 17:41:29.557" endtime="20220407 17:41:32.023"/>
</kw>
<doc>login</doc>
<tag>flipkart search</tag>
<status status="PASS" starttime="20220407 17:41:24.350" endtime="20220407 17:41:32.023"/>
</test>
<status status="PASS" starttime="20220407 17:41:09.152" endtime="20220407 17:41:32.025"/>
</suite>
<statistics>
<total>
<stat pass="5" fail="0" skip="0">All Tests</stat>
</total>
<tag>
<stat pass="3" fail="0" skip="0">flipkart</stat>
<stat pass="1" fail="0" skip="0">flipkart search</stat>
<stat pass="1" fail="0" skip="0">google</stat>
</tag>
<suite>
<stat pass="5" fail="0" skip="0" id="s1" name="Shopping">Shopping</stat>
</suite>
</statistics>
<errors>
</errors>
</robot>
