<?xml version="1.0" encoding="UTF-8"?>
<robot generator="Robot 5.0 (Python 3.9.8 on win32)" generated="20220407 15:04:44.387" rpa="false" schemaversion="3">
<suite id="s1" name="Demo" source="C:\Users\Dell\PycharmProjects\RoboticFramework\Tests\SampleApp\FunctionalTestSuite\Demo.robot">
<test id="s1-t1" name="login page test case" line="9">
<kw name="Log" library="BuiltIn">
<arg>Hello</arg>
<doc>Logs the given message with the given level.</doc>
<msg timestamp="20220407 15:04:44.913" level="INFO">Hello</msg>
<status status="PASS" starttime="20220407 15:04:44.913" endtime="20220407 15:04:44.913"/>
</kw>
<doc>login for user</doc>
<tag>user</tag>
<status status="PASS" starttime="20220407 15:04:44.911" endtime="20220407 15:04:44.914"/>
</test>
<test id="s1-t2" name="Registeration Page test case" line="15">
<kw name="Log" library="BuiltIn">
<arg>Welcome</arg>
<doc>Logs the given message with the given level.</doc>
<msg timestamp="20220407 15:04:44.918" level="INFO">Welcome</msg>
<status status="PASS" starttime="20220407 15:04:44.918" endtime="20220407 15:04:44.918"/>
</kw>
<doc>registeration for user</doc>
<tag>user</tag>
<status status="PASS" starttime="20220407 15:04:44.916" endtime="20220407 15:04:44.919"/>
</test>
<test id="s1-t3" name="Dashboard test case" line="20">
<kw name="Log" library="BuiltIn">
<arg>Dash</arg>
<doc>Logs the given message with the given level.</doc>
<msg timestamp="20220407 15:04:44.924" level="INFO">Dash</msg>
<status status="PASS" starttime="20220407 15:04:44.923" endtime="20220407 15:04:44.924"/>
</kw>
<doc>dashboard for user</doc>
<status status="PASS" starttime="20220407 15:04:44.921" endtime="20220407 15:04:44.925"/>
</test>
<test id="s1-t4" name="Google test case" line="24">
<kw name="Open Browser" library="SeleniumLibrary">
<arg>${url}</arg>
<arg>chrome</arg>
<doc>Opens a new browser instance to the optional ``url``.</doc>
<msg timestamp="20220407 15:04:44.930" level="INFO">Opening browser 'chrome' to base url 'https://www.google.com/'.</msg>
<status status="PASS" starttime="20220407 15:04:44.929" endtime="20220407 15:04:48.598"/>
</kw>
<kw name="search data">
<kw name="Input Text" library="SeleniumLibrary">
<arg>name:q</arg>
<arg>${search_parameter}</arg>
<doc>Types the given ``text`` into the text field identified by ``locator``.</doc>
<msg timestamp="20220407 15:04:48.600" level="INFO">Typing text 'Harman' into text field 'name:q'.</msg>
<status status="PASS" starttime="20220407 15:04:48.599" endtime="20220407 15:04:48.807"/>
</kw>
<status status="PASS" starttime="20220407 15:04:48.598" endtime="20220407 15:04:48.808"/>
</kw>
<kw name="Submit Form" library="SeleniumLibrary">
<doc>Submits a form identified by ``locator``.</doc>
<msg timestamp="20220407 15:04:48.810" level="INFO">Submitting form 'None'.</msg>
<status status="PASS" starttime="20220407 15:04:48.809" endtime="20220407 15:04:51.623"/>
</kw>
<kw name="Close Browser" library="SeleniumLibrary">
<doc>Closes the current browser.</doc>
<status status="PASS" starttime="20220407 15:04:51.624" endtime="20220407 15:04:53.985"/>
</kw>
<doc>google test</doc>
<status status="PASS" starttime="20220407 15:04:44.927" endtime="20220407 15:04:53.999"/>
</test>
<status status="PASS" starttime="20220407 15:04:44.392" endtime="20220407 15:04:54.002"/>
</suite>
<statistics>
<total>
<stat pass="4" fail="0" skip="0">All Tests</stat>
</total>
<tag>
<stat pass="2" fail="0" skip="0">user</stat>
</tag>
<suite>
<stat pass="4" fail="0" skip="0" id="s1" name="Demo">Demo</stat>
</suite>
</statistics>
<errors>
</errors>
</robot>
